<?xml version="1.0" encoding="UTF-8"?>
<testsuite xmlns:xsi="http://www.w3.org/2001/XMLSchema-instance" xsi:noNamespaceSchemaLocation="https://maven.apache.org/surefire/maven-surefire-plugin/xsd/surefire-test-report-3.0.xsd" version="3.0" name="com.example.studentmanagement.controller.StudentControllerTest" time="15.492" tests="13" errors="0" skipped="0" failures="0">
  <properties>
[...]
</properties>
  <testcase name="testSearchByDepartment_NoStudents" classname="com.example.studentmanagement.controller.StudentControllerTest" time="1.391">
    <system-out><![CDATA[15:18:58.729 [main] INFO org.springframework.test.context.support.AnnotationConfigContextLoaderUtils -- Could not detect default configuration classes for test class [com.example.studentmanagement.controller.StudentControllerTest]: StudentControllerTest does not declare any static, non-private, non-final, nested classes annotated with @Configuration.
15:18:59.056 [main] INFO org.springframework.boot.test.context.SpringBootTestContextBootstrapper -- Found @SpringBootConfiguration com.example.studentmanagement.StudentManagementApplication for test class com.example.studentmanagement.controller.StudentControllerTest

  .   ____          _            __ _ _
 /\\ / ___'_ __ _ _(_)_ __  __ _ \ \ \ \
( ( )\___ | '_ | '_| | '_ \/ _` | \ \ \ \
 \\/  ___)| |_)| | | | | || (_| |  ) ) ) )
  '  |____| .__|_| |_|_| |_\__, | / / / /
 =========|_|==============|___/=/_/_/_/

 :: Spring Boot ::                (v3.3.2)

2026-08-02T15:19:00.137+05:30  INFO 18900 --- [student-management] [           main] c.e.s.controller.StudentControllerTest   : Starting StudentControllerTest using Java 25.0.2 with PID 18900 (started by sanja in C:\Users\sanja\.gemini\antigravity-ide\scratch\student-management-system)
2026-08-02T15:19:00.140+05:30  INFO 18900 --- [student-management] [           main] c.e.s.controller.StudentControllerTest   : The following 1 profile is active: "dev"
2026-08-02T15:19:02.579+05:30  INFO 18900 --- [student-management] [           main] .s.d.r.c.RepositoryConfigurationDelegate : Bootstrapping Spring Data JPA repositories in DEFAULT mode.
2026-08-02T15:19:02.699+05:30  INFO 18900 --- [student-management] [           main] .s.d.r.c.RepositoryConfigurationDelegate : Finished Spring Data repository scanning in 101 ms. Found 1 JPA repository interface.
2026-08-02T15:19:03.650+05:30  INFO 18900 --- [student-management] [           main] o.hibernate.jpa.internal.util.LogHelper  : HHH000204: Processing PersistenceUnitInfo [name: default]
2026-08-02T15:19:03.829+05:30  INFO 18900 --- [student-management] [           main] org.hibernate.Version                    : HHH000412: Hibernate ORM core version 6.5.2.Final
2026-08-02T15:19:03.918+05:30  INFO 18900 --- [student-management] [           main] o.h.c.internal.RegionFactoryInitiator    : HHH000026: Second-level cache disabled
2026-08-02T15:19:05.241+05:30  INFO 18900 --- [student-management] [           main] o.s.o.j.p.SpringPersistenceUnitInfo      : No LoadTimeWeaver setup: ignoring JPA class transformer
2026-08-02T15:19:05.304+05:30  INFO 18900 --- [student-management] [           main] com.zaxxer.hikari.HikariDataSource       : HikariPool-1 - Starting...
2026-08-02T15:19:05.682+05:30  INFO 18900 --- [student-management] [           main] com.zaxxer.hikari.pool.HikariPool        : HikariPool-1 - Added connection conn0: url=jdbc:h2:mem:studentdb user=SA
2026-08-02T15:19:05.685+05:30  INFO 18900 --- [student-management] [           main] com.zaxxer.hikari.HikariDataSource       : HikariPool-1 - Start completed.
2026-08-02T15:19:05.733+05:30  WARN 18900 --- [student-management] [           main] org.hibernate.orm.deprecation            : HHH90000025: H2Dialect does not need to be specified explicitly using 'hibernate.dialect' (remove the property setting and it will be selected by default)
2026-08-02T15:19:07.928+05:30  INFO 18900 --- [student-management] [           main] o.h.e.t.j.p.i.JtaPlatformInitiator       : HHH000489: No JTA platform available (set 'hibernate.transaction.jta.platform' to enable JTA platform integration)
Hibernate: create table students (id bigint generated by default as identity, cgpa float(53) not null, department varchar(255) not null, email varchar(255) not null, name varchar(100) not null, phone_number varchar(255) not null, year_of_study integer not null check ((year_of_study<=4) and (year_of_study>=1)), primary key (id))
Hibernate: alter table if exists students drop constraint if exists UKe2rndfrsx22acpq2ty1caeuyw
Hibernate: alter table if exists students add constraint UKe2rndfrsx22acpq2ty1caeuyw unique (email)
Hibernate: alter table if exists students drop constraint if exists UK1wl72fio1ly82a5s96bfocqt1
Hibernate: alter table if exists students add constraint UK1wl72fio1ly82a5s96bfocqt1 unique (phone_number)
2026-08-02T15:19:08.118+05:30  INFO 18900 --- [student-management] [           main] j.LocalContainerEntityManagerFactoryBean : Initialized JPA EntityManagerFactory for persistence unit 'default'
2026-08-02T15:19:10.141+05:30  WARN 18900 --- [student-management] [           main] JpaBaseConfiguration$JpaWebConfiguration : spring.jpa.open-in-view is enabled by default. Therefore, database queries may be performed during view rendering. Explicitly configure spring.jpa.open-in-view to disable this warning
2026-08-02T15:19:11.092+05:30  INFO 18900 --- [student-management] [           main] o.s.b.a.h2.H2ConsoleAutoConfiguration    : H2 console available at '/h2-console'. Database available at 'jdbc:h2:mem:studentdb'
2026-08-02T15:19:11.212+05:30  INFO 18900 --- [student-management] [           main] o.s.b.t.m.w.SpringBootMockServletContext : Initializing Spring TestDispatcherServlet ''
2026-08-02T15:19:11.213+05:30  INFO 18900 --- [student-management] [           main] o.s.t.web.servlet.TestDispatcherServlet  : Initializing Servlet ''
2026-08-02T15:19:11.217+05:30  INFO 18900 --- [student-management] [           main] o.s.t.web.servlet.TestDispatcherServlet  : Completed initialization in 3 ms
2026-08-02T15:19:11.256+05:30  INFO 18900 --- [student-management] [           main] c.e.s.controller.StudentControllerTest   : Started StudentControllerTest in 11.962 seconds (process running for 13.822)
Hibernate: select s1_0.id,s1_0.cgpa,s1_0.department,s1_0.email,s1_0.name,s1_0.phone_number,s1_0.year_of_study from students s1_0
Hibernate: select s1_0.id,s1_0.cgpa,s1_0.department,s1_0.email,s1_0.name,s1_0.phone_number,s1_0.year_of_study from students s1_0 where upper(s1_0.department)=upper(?)
]]></system-out>
    <system-err><![CDATA[WARNING: A Java agent has been loaded dynamically (C:\Users\sanja\.m2\repository\net\bytebuddy\byte-buddy-agent\1.14.18\byte-buddy-agent-1.14.18.jar)
WARNING: If a serviceability tool is in use, please run with -XX:+EnableDynamicAgentLoading to hide this warning
WARNING: If a serviceability tool is not in use, please run with -Djdk.instrument.traceUsage for more information
WARNING: Dynamic loading of agents will be disallowed by default in a future release
]]></system-err>
  </testcase>
  <testcase name="testDeleteStudent_Existing" classname="com.example.studentmanagement.controller.StudentControllerTest" time="0.658">
    <system-out><![CDATA[Hibernate: select s1_0.id,s1_0.cgpa,s1_0.department,s1_0.email,s1_0.name,s1_0.phone_number,s1_0.year_of_study from students s1_0
Hibernate: insert into students (cgpa,department,email,name,phone_number,year_of_study,id) values (?,?,?,?,?,?,default)
Hibernate: select count(*) from students s1_0 where s1_0.id=?
Hibernate: select s1_0.id,s1_0.cgpa,s1_0.department,s1_0.email,s1_0.name,s1_0.phone_number,s1_0.year_of_study from students s1_0 where s1_0.id=?
Hibernate: delete from students where id=?
]]></system-out>
  </testcase>
  <testcase name="testUpdateStudent_Existing" classname="com.example.studentmanagement.controller.StudentControllerTest" time="0.174">
    <system-out><![CDATA[Hibernate: select s1_0.id,s1_0.cgpa,s1_0.department,s1_0.email,s1_0.name,s1_0.phone_number,s1_0.year_of_study from students s1_0
Hibernate: insert into students (cgpa,department,email,name,phone_number,year_of_study,id) values (?,?,?,?,?,?,default)
Hibernate: select s1_0.id,s1_0.cgpa,s1_0.department,s1_0.email,s1_0.name,s1_0.phone_number,s1_0.year_of_study from students s1_0 where s1_0.id=?
Hibernate: select s1_0.id from students s1_0 where s1_0.email=? and s1_0.id<>? fetch first ? rows only
Hibernate: select s1_0.id from students s1_0 where s1_0.phone_number=? and s1_0.id<>? fetch first ? rows only
Hibernate: update students set cgpa=?,department=?,email=?,name=?,phone_number=?,year_of_study=? where id=?
]]></system-out>
  </testcase>
  <testcase name="testCreateStudent_DuplicateEmail" classname="com.example.studentmanagement.controller.StudentControllerTest" time="0.053">
    <system-out><![CDATA[Hibernate: select s1_0.id,s1_0.cgpa,s1_0.department,s1_0.email,s1_0.name,s1_0.phone_number,s1_0.year_of_study from students s1_0
Hibernate: delete from students where id=?
Hibernate: insert into students (cgpa,department,email,name,phone_number,year_of_study,id) values (?,?,?,?,?,?,default)
Hibernate: select s1_0.id from students s1_0 where s1_0.email=? fetch first ? rows only
]]></system-out>
  </testcase>
  <testcase name="testUpdateStudent_DuplicatePhoneNumber" classname="com.example.studentmanagement.controller.StudentControllerTest" time="0.041">
    <system-out><![CDATA[Hibernate: select s1_0.id,s1_0.cgpa,s1_0.department,s1_0.email,s1_0.name,s1_0.phone_number,s1_0.year_of_study from students s1_0
Hibernate: delete from students where id=?
Hibernate: insert into students (cgpa,department,email,name,phone_number,year_of_study,id) values (?,?,?,?,?,?,default)
Hibernate: insert into students (cgpa,department,email,name,phone_number,year_of_study,id) values (?,?,?,?,?,?,default)
Hibernate: select s1_0.id,s1_0.cgpa,s1_0.department,s1_0.email,s1_0.name,s1_0.phone_number,s1_0.year_of_study from students s1_0 where s1_0.id=?
Hibernate: select s1_0.id from students s1_0 where s1_0.email=? and s1_0.id<>? fetch first ? rows only
Hibernate: select s1_0.id from students s1_0 where s1_0.phone_number=? and s1_0.id<>? fetch first ? rows only
]]></system-out>
  </testcase>
  <testcase name="testCreateStudent_ValidDetails" classname="com.example.studentmanagement.controller.StudentControllerTest" time="0.033">
    <system-out><![CDATA[Hibernate: select s1_0.id,s1_0.cgpa,s1_0.department,s1_0.email,s1_0.name,s1_0.phone_number,s1_0.year_of_study from students s1_0
Hibernate: delete from students where id=?
Hibernate: delete from students where id=?
Hibernate: select s1_0.id from students s1_0 where s1_0.email=? fetch first ? rows only
Hibernate: select s1_0.id from students s1_0 where s1_0.phone_number=? fetch first ? rows only
Hibernate: insert into students (cgpa,department,email,name,phone_number,year_of_study,id) values (?,?,?,?,?,?,default)
]]></system-out>
  </testcase>
  <testcase name="testDeleteStudent_NonExisting" classname="com.example.studentmanagement.controller.StudentControllerTest" time="0.027">
    <system-out><![CDATA[Hibernate: select s1_0.id,s1_0.cgpa,s1_0.department,s1_0.email,s1_0.name,s1_0.phone_number,s1_0.year_of_study from students s1_0
Hibernate: delete from students where id=?
Hibernate: select count(*) from students s1_0 where s1_0.id=?
]]></system-out>
  </testcase>
  <testcase name="testGetStudentsByCgpa_GreaterThan" classname="com.example.studentmanagement.controller.StudentControllerTest" time="0.046">
    <system-out><![CDATA[Hibernate: select s1_0.id,s1_0.cgpa,s1_0.department,s1_0.email,s1_0.name,s1_0.phone_number,s1_0.year_of_study from students s1_0
Hibernate: insert into students (cgpa,department,email,name,phone_number,year_of_study,id) values (?,?,?,?,?,?,default)
Hibernate: insert into students (cgpa,department,email,name,phone_number,year_of_study,id) values (?,?,?,?,?,?,default)
Hibernate: insert into students (cgpa,department,email,name,phone_number,year_of_study,id) values (?,?,?,?,?,?,default)
Hibernate: select s1_0.id,s1_0.cgpa,s1_0.department,s1_0.email,s1_0.name,s1_0.phone_number,s1_0.year_of_study from students s1_0 where s1_0.cgpa>?
]]></system-out>
  </testcase>
  <testcase name="testCreateStudent_DuplicatePhoneNumber" classname="com.example.studentmanagement.controller.StudentControllerTest" time="0.045">
    <system-out><![CDATA[Hibernate: select s1_0.id,s1_0.cgpa,s1_0.department,s1_0.email,s1_0.name,s1_0.phone_number,s1_0.year_of_study from students s1_0
Hibernate: delete from students where id=?
Hibernate: delete from students where id=?
Hibernate: delete from students where id=?
Hibernate: insert into students (cgpa,department,email,name,phone_number,year_of_study,id) values (?,?,?,?,?,?,default)
Hibernate: select s1_0.id from students s1_0 where s1_0.email=? fetch first ? rows only
Hibernate: select s1_0.id from students s1_0 where s1_0.phone_number=? fetch first ? rows only
]]></system-out>
  </testcase>
  <testcase name="testUpdateStudent_NonExisting" classname="com.example.studentmanagement.controller.StudentControllerTest" time="0.022">
    <system-out><![CDATA[Hibernate: select s1_0.id,s1_0.cgpa,s1_0.department,s1_0.email,s1_0.name,s1_0.phone_number,s1_0.year_of_study from students s1_0
Hibernate: delete from students where id=?
Hibernate: select s1_0.id,s1_0.cgpa,s1_0.department,s1_0.email,s1_0.name,s1_0.phone_number,s1_0.year_of_study from students s1_0 where s1_0.id=?
]]></system-out>
  </testcase>
  <testcase name="testSearchByDepartment_Existing" classname="com.example.studentmanagement.controller.StudentControllerTest" time="0.027">
    <system-out><![CDATA[Hibernate: select s1_0.id,s1_0.cgpa,s1_0.department,s1_0.email,s1_0.name,s1_0.phone_number,s1_0.year_of_study from students s1_0
Hibernate: insert into students (cgpa,department,email,name,phone_number,year_of_study,id) values (?,?,?,?,?,?,default)
Hibernate: select s1_0.id,s1_0.cgpa,s1_0.department,s1_0.email,s1_0.name,s1_0.phone_number,s1_0.year_of_study from students s1_0 where upper(s1_0.department)=upper(?)
]]></system-out>
  </testcase>
  <testcase name="testInvalidStudentId_TypeMismatch" classname="com.example.studentmanagement.controller.StudentControllerTest" time="0.024">
    <system-out><![CDATA[Hibernate: select s1_0.id,s1_0.cgpa,s1_0.department,s1_0.email,s1_0.name,s1_0.phone_number,s1_0.year_of_study from students s1_0
Hibernate: delete from students where id=?
]]></system-out>
  </testcase>
  <testcase name="testCreateStudent_MissingMandatoryFields" classname="com.example.studentmanagement.controller.StudentControllerTest" time="0.033">
    <system-out><![CDATA[Hibernate: select s1_0.id,s1_0.cgpa,s1_0.department,s1_0.email,s1_0.name,s1_0.phone_number,s1_0.year_of_study from students s1_0
]]></system-out>
  </testcase>
</testsuite>